<?xml version="1.0" encoding="UTF-8"?>
<!-- Generated by org.testng.reporters.JUnitReportReporter -->
<testsuite hostname="Atuls-MacBook-Air.local" failures="0" tests="18" name="com.bridgelabz.qa.api_automation.Rest_Api_Automation_Testing_Test" time="11.952" errors="0" timestamp="2023-01-04T01:12:34 IST" skipped="0">
  <testcase classname="com.bridgelabz.qa.api_automation.Rest_Api_Automation_Testing_Test" name="get_User_Profile" time="2.753"/>
  <system-out/>
  <testcase classname="com.bridgelabz.qa.api_automation.Rest_Api_Automation_Testing_Test" name="get_Current_User_Profile" time="1.009"/>
  <system-out/>
  <testcase classname="com.bridgelabz.qa.api_automation.Rest_Api_Automation_Testing_Test" name="Create_Playlist" time="0.638"/>
  <system-out/>
  <testcase classname="com.bridgelabz.qa.api_automation.Rest_Api_Automation_Testing_Test" name="Search_for_item" time="0.737"/>
  <system-out/>
  <testcase classname="com.bridgelabz.qa.api_automation.Rest_Api_Automation_Testing_Test" name="Add_items_to_Playlist" time="0.357"/>
  <system-out/>
  <testcase classname="com.bridgelabz.qa.api_automation.Rest_Api_Automation_Testing_Test" name="Get_Playlist_Items" time="0.340"/>
  <system-out/>
  <testcase classname="com.bridgelabz.qa.api_automation.Rest_Api_Automation_Testing_Test" name="Get_Several_Tracks" time="0.276"/>
  <system-out/>
  <testcase classname="com.bridgelabz.qa.api_automation.Rest_Api_Automation_Testing_Test" name="Get_Playlist" time="0.331"/>
  <system-out/>
  <testcase classname="com.bridgelabz.qa.api_automation.Rest_Api_Automation_Testing_Test" name="Get_Users_Playlists" time="0.297"/>
  <system-out/>
  <testcase classname="com.bridgelabz.qa.api_automation.Rest_Api_Automation_Testing_Test" name="Get_Current_Users_Playlists" time="0.257"/>
  <system-out/>
  <testcase classname="com.bridgelabz.qa.api_automation.Rest_Api_Automation_Testing_Test" name="Get_Playlist_Cover_Image" time="0.289"/>
  <system-out/>
  <testcase classname="com.bridgelabz.qa.api_automation.Rest_Api_Automation_Testing_Test" name="Update_Playlist_Items" time="0.283"/>
  <system-out/>
  <testcase classname="com.bridgelabz.qa.api_automation.Rest_Api_Automation_Testing_Test" name="Change_Playlist_Details" time="0.328"/>
  <system-out/>
  <testcase classname="com.bridgelabz.qa.api_automation.Rest_Api_Automation_Testing_Test" name="Get_Tracks" time="0.330"/>
  <system-out/>
  <testcase classname="com.bridgelabz.qa.api_automation.Rest_Api_Automation_Testing_Test" name="Get_Tracks_Audio_Analysis" time="2.888"/>
  <system-out/>
  <testcase classname="com.bridgelabz.qa.api_automation.Rest_Api_Automation_Testing_Test" name="Get_Tracks_Audio_Features" time="0.280"/>
  <system-out/>
  <testcase classname="com.bridgelabz.qa.api_automation.Rest_Api_Automation_Testing_Test" name="Remove_Playlist_Items" time="0.332"/>
  <system-out/>
  <testcase classname="com.bridgelabz.qa.api_automation.Rest_Api_Automation_Testing_Test" name="Get_Track_Audio_Features" time="0.227"/>
  <system-out/>
</testsuite> <!-- com.bridgelabz.qa.api_automation.Rest_Api_Automation_Testing_Test -->
